CRITICAL - 2022-10-07 01:53:44 --> Undefined variable: json
in APPPATH\Controllers\Adm_Main.php on line 44.
 1 APPPATH\Controllers\Adm_Main.php(44): CodeIgniter\Debug\Exceptions->errorHandler(8, 'Undefined variable: json', 'APPPATH\\Controllers\\Adm_Main.php', 44, [...])
 2 SYSTEMPATH\CodeIgniter.php(904): App\Controllers\Adm_Main->login()
 3 SYSTEMPATH\CodeIgniter.php(457): CodeIgniter\CodeIgniter->runController(Object(App\Controllers\Adm_Main))
 4 SYSTEMPATH\CodeIgniter.php(340): CodeIgniter\CodeIgniter->handleRequest(null, Object(Config\Cache), false)
 5 FCPATH\index.php(67): CodeIgniter\CodeIgniter->run()
 6 SYSTEMPATH\Commands\Server\rewrite.php(43): require_once('FCPATH\\index.php')
CRITICAL - 2022-10-07 01:53:47 --> Undefined variable: json
in APPPATH\Controllers\Adm_Main.php on line 44.
 1 APPPATH\Controllers\Adm_Main.php(44): CodeIgniter\Debug\Exceptions->errorHandler(8, 'Undefined variable: json', 'APPPATH\\Controllers\\Adm_Main.php', 44, [...])
 2 SYSTEMPATH\CodeIgniter.php(904): App\Controllers\Adm_Main->login()
 3 SYSTEMPATH\CodeIgniter.php(457): CodeIgniter\CodeIgniter->runController(Object(App\Controllers\Adm_Main))
 4 SYSTEMPATH\CodeIgniter.php(340): CodeIgniter\CodeIgniter->handleRequest(null, Object(Config\Cache), false)
 5 FCPATH\index.php(67): CodeIgniter\CodeIgniter->run()
 6 SYSTEMPATH\Commands\Server\rewrite.php(43): require_once('FCPATH\\index.php')
CRITICAL - 2022-10-07 02:12:56 --> Undefined variable: json
in APPPATH\Controllers\AdminMain.php on line 46.
 1 APPPATH\Controllers\AdminMain.php(46): CodeIgniter\Debug\Exceptions->errorHandler(8, 'Undefined variable: json', 'APPPATH\\Controllers\\AdminMain.php', 46, [...])
 2 SYSTEMPATH\CodeIgniter.php(904): App\Controllers\AdminMain->login()
 3 SYSTEMPATH\CodeIgniter.php(457): CodeIgniter\CodeIgniter->runController(Object(App\Controllers\AdminMain))
 4 SYSTEMPATH\CodeIgniter.php(340): CodeIgniter\CodeIgniter->handleRequest(null, Object(Config\Cache), false)
 5 FCPATH\index.php(67): CodeIgniter\CodeIgniter->run()
 6 SYSTEMPATH\Commands\Server\rewrite.php(43): require_once('FCPATH\\index.php')
CRITICAL - 2022-10-07 02:12:59 --> Undefined variable: json
in APPPATH\Controllers\AdminMain.php on line 46.
 1 APPPATH\Controllers\AdminMain.php(46): CodeIgniter\Debug\Exceptions->errorHandler(8, 'Undefined variable: json', 'APPPATH\\Controllers\\AdminMain.php', 46, [...])
 2 SYSTEMPATH\CodeIgniter.php(904): App\Controllers\AdminMain->login()
 3 SYSTEMPATH\CodeIgniter.php(457): CodeIgniter\CodeIgniter->runController(Object(App\Controllers\AdminMain))
 4 SYSTEMPATH\CodeIgniter.php(340): CodeIgniter\CodeIgniter->handleRequest(null, Object(Config\Cache), false)
 5 FCPATH\index.php(67): CodeIgniter\CodeIgniter->run()
 6 SYSTEMPATH\Commands\Server\rewrite.php(43): require_once('FCPATH\\index.php')
CRITICAL - 2022-10-07 02:21:27 --> Invalid file: admin/home/index.php
in SYSTEMPATH\Exceptions\FrameworkException.php on line 33.
 1 SYSTEMPATH\View\View.php(201): CodeIgniter\Exceptions\FrameworkException::forInvalidFile('admin/home/index.php')
 2 SYSTEMPATH\Common.php(1137): CodeIgniter\View\View->render('admin/home/index', [], true)
 3 APPPATH\Controllers\AdminHome.php(11): view('admin/home/index')
 4 SYSTEMPATH\CodeIgniter.php(904): App\Controllers\AdminHome->index()
 5 SYSTEMPATH\CodeIgniter.php(457): CodeIgniter\CodeIgniter->runController(Object(App\Controllers\AdminHome))
 6 SYSTEMPATH\CodeIgniter.php(340): CodeIgniter\CodeIgniter->handleRequest(null, Object(Config\Cache), false)
 7 FCPATH\index.php(67): CodeIgniter\CodeIgniter->run()
 8 SYSTEMPATH\Commands\Server\rewrite.php(43): require_once('FCPATH\\index.php')
CRITICAL - 2022-10-07 02:22:01 --> Invalid file: admin/home/index.php
in SYSTEMPATH\Exceptions\FrameworkException.php on line 33.
 1 SYSTEMPATH\View\View.php(201): CodeIgniter\Exceptions\FrameworkException::forInvalidFile('admin/home/index.php')
 2 SYSTEMPATH\Common.php(1137): CodeIgniter\View\View->render('admin/home/index', [], true)
 3 APPPATH\Controllers\AdminHome.php(11): view('admin/home/index')
 4 SYSTEMPATH\CodeIgniter.php(904): App\Controllers\AdminHome->index()
 5 SYSTEMPATH\CodeIgniter.php(457): CodeIgniter\CodeIgniter->runController(Object(App\Controllers\AdminHome))
 6 SYSTEMPATH\CodeIgniter.php(340): CodeIgniter\CodeIgniter->handleRequest(null, Object(Config\Cache), false)
 7 FCPATH\index.php(67): CodeIgniter\CodeIgniter->run()
 8 SYSTEMPATH\Commands\Server\rewrite.php(43): require_once('FCPATH\\index.php')
ERROR - 2022-10-07 04:54:13 --> mysqli_sql_exception: You have an error in your SQL syntax; check the manual that corresponds to your MariaDB server version for the right syntax to use near 'UNSIGNED NOT NULL,
	`username` VARCHAR(100) NOT NULL,
	`password` VARCHAR(100...' at line 2 in C:\xampp\htdocs\sekoenol\system\Database\MySQLi\Connection.php:292
Stack trace:
#0 C:\xampp\htdocs\sekoenol\system\Database\MySQLi\Connection.php(292): mysqli->query('CREATE TABLE `u...', 0)
#1 C:\xampp\htdocs\sekoenol\system\Database\BaseConnection.php(693): CodeIgniter\Database\MySQLi\Connection->execute('CREATE TABLE `u...')
#2 C:\xampp\htdocs\sekoenol\system\Database\BaseConnection.php(620): CodeIgniter\Database\BaseConnection->simpleQuery('CREATE TABLE `u...')
#3 C:\xampp\htdocs\sekoenol\system\Database\Forge.php(509): CodeIgniter\Database\BaseConnection->query('CREATE TABLE `u...')
#4 C:\xampp\htdocs\sekoenol\app\Database\Migrations\2022-10-07-095148_Users.php(30): CodeIgniter\Database\Forge->createTable('users')
#5 C:\xampp\htdocs\sekoenol\system\Database\MigrationRunner.php(868): App\Database\Migrations\Users->up()
#6 C:\xampp\htdocs\sekoenol\system\Database\MigrationRunner.php(187): CodeIgniter\Database\MigrationRunner->migrate('up', Object(stdClass))
#7 C:\xampp\htdocs\sekoenol\system\Commands\Database\Migrate.php(84): CodeIgniter\Database\MigrationRunner->latest(NULL)
#8 C:\xampp\htdocs\sekoenol\system\CLI\Commands.php(63): CodeIgniter\Commands\Database\Migrate->run(Array)
#9 C:\xampp\htdocs\sekoenol\system\CLI\BaseCommand.php(112): CodeIgniter\CLI\Commands->run('migrate', Array)
#10 C:\xampp\htdocs\sekoenol\system\Commands\Database\MigrateRefresh.php(85): CodeIgniter\CLI\BaseCommand->call('migrate', Array)
#11 C:\xampp\htdocs\sekoenol\system\CLI\Commands.php(63): CodeIgniter\Commands\Database\MigrateRefresh->run(Array)
#12 C:\xampp\htdocs\sekoenol\system\CLI\CommandRunner.php(65): CodeIgniter\CLI\Commands->run('migrate:refresh', Array)
#13 C:\xampp\htdocs\sekoenol\system\CLI\CommandRunner.php(51): CodeIgniter\CLI\CommandRunner->index(Array)
#14 C:\xampp\htdocs\sekoenol\system\CodeIgniter.php(897): CodeIgniter\CLI\CommandRunner->_remap('index', Array)
#15 C:\xampp\htdocs\sekoenol\system\CodeIgniter.php(457): CodeIgniter\CodeIgniter->runController(Object(CodeIgniter\CLI\CommandRunner))
#16 C:\xampp\htdocs\sekoenol\system\CodeIgniter.php(336): CodeIgniter\CodeIgniter->handleRequest(NULL, Object(Config\Cache), false)
#17 C:\xampp\htdocs\sekoenol\system\CLI\Console.php(48): CodeIgniter\CodeIgniter->run()
#18 C:\xampp\htdocs\sekoenol\spark(98): CodeIgniter\CLI\Console->run()
#19 {main}
ERROR - 2022-10-07 04:54:48 --> mysqli_sql_exception: You have an error in your SQL syntax; check the manual that corresponds to your MariaDB server version for the right syntax to use near 'UNSIGNED NOT NULL,
	`username` VARCHAR(100) NOT NULL,
	`password` VARCHAR(100...' at line 2 in C:\xampp\htdocs\sekoenol\system\Database\MySQLi\Connection.php:292
Stack trace:
#0 C:\xampp\htdocs\sekoenol\system\Database\MySQLi\Connection.php(292): mysqli->query('CREATE TABLE `u...', 0)
#1 C:\xampp\htdocs\sekoenol\system\Database\BaseConnection.php(693): CodeIgniter\Database\MySQLi\Connection->execute('CREATE TABLE `u...')
#2 C:\xampp\htdocs\sekoenol\system\Database\BaseConnection.php(620): CodeIgniter\Database\BaseConnection->simpleQuery('CREATE TABLE `u...')
#3 C:\xampp\htdocs\sekoenol\system\Database\Forge.php(509): CodeIgniter\Database\BaseConnection->query('CREATE TABLE `u...')
#4 C:\xampp\htdocs\sekoenol\app\Database\Migrations\2022-10-07-095148_Users.php(31): CodeIgniter\Database\Forge->createTable('users')
#5 C:\xampp\htdocs\sekoenol\system\Database\MigrationRunner.php(868): App\Database\Migrations\Users->up()
#6 C:\xampp\htdocs\sekoenol\system\Database\MigrationRunner.php(187): CodeIgniter\Database\MigrationRunner->migrate('up', Object(stdClass))
#7 C:\xampp\htdocs\sekoenol\system\Commands\Database\Migrate.php(84): CodeIgniter\Database\MigrationRunner->latest(NULL)
#8 C:\xampp\htdocs\sekoenol\system\CLI\Commands.php(63): CodeIgniter\Commands\Database\Migrate->run(Array)
#9 C:\xampp\htdocs\sekoenol\system\CLI\BaseCommand.php(112): CodeIgniter\CLI\Commands->run('migrate', Array)
#10 C:\xampp\htdocs\sekoenol\system\Commands\Database\MigrateRefresh.php(85): CodeIgniter\CLI\BaseCommand->call('migrate', Array)
#11 C:\xampp\htdocs\sekoenol\system\CLI\Commands.php(63): CodeIgniter\Commands\Database\MigrateRefresh->run(Array)
#12 C:\xampp\htdocs\sekoenol\system\CLI\CommandRunner.php(65): CodeIgniter\CLI\Commands->run('migrate:refresh', Array)
#13 C:\xampp\htdocs\sekoenol\system\CLI\CommandRunner.php(51): CodeIgniter\CLI\CommandRunner->index(Array)
#14 C:\xampp\htdocs\sekoenol\system\CodeIgniter.php(897): CodeIgniter\CLI\CommandRunner->_remap('index', Array)
#15 C:\xampp\htdocs\sekoenol\system\CodeIgniter.php(457): CodeIgniter\CodeIgniter->runController(Object(CodeIgniter\CLI\CommandRunner))
#16 C:\xampp\htdocs\sekoenol\system\CodeIgniter.php(336): CodeIgniter\CodeIgniter->handleRequest(NULL, Object(Config\Cache), false)
#17 C:\xampp\htdocs\sekoenol\system\CLI\Console.php(48): CodeIgniter\CodeIgniter->run()
#18 C:\xampp\htdocs\sekoenol\spark(98): CodeIgniter\CLI\Console->run()
#19 {main}
