CRITICAL - 2022-10-10 01:14:56 --> Call to undefined method CodeIgniter\View\View::endRenderSection()
in APPPATH\Views\admin\home\welcome.php on line 5.
 1 SYSTEMPATH\View\View.php(213): include()
 2 SYSTEMPATH\View\View.php(216): CodeIgniter\View\View->CodeIgniter\View\{closure}()
 3 SYSTEMPATH\Common.php(1137): CodeIgniter\View\View->render('admin/home/welcome', [], true)
 4 APPPATH\Controllers\AdminHome.php(11): view('admin/home/welcome')
 5 SYSTEMPATH\CodeIgniter.php(904): App\Controllers\AdminHome->index()
 6 SYSTEMPATH\CodeIgniter.php(457): CodeIgniter\CodeIgniter->runController(Object(App\Controllers\AdminHome))
 7 SYSTEMPATH\CodeIgniter.php(340): CodeIgniter\CodeIgniter->handleRequest(null, Object(Config\Cache), false)
 8 FCPATH\index.php(67): CodeIgniter\CodeIgniter->run()
 9 SYSTEMPATH\Commands\Server\rewrite.php(43): require_once('FCPATH\\index.php')
CRITICAL - 2022-10-10 01:15:21 --> Invalid file: view/admin/home/layout.php
in SYSTEMPATH\Exceptions\FrameworkException.php on line 33.
 1 SYSTEMPATH\View\View.php(201): CodeIgniter\Exceptions\FrameworkException::forInvalidFile('view/admin/home/layout.php')
 2 SYSTEMPATH\View\View.php(229): CodeIgniter\View\View->render('view/admin/home/layout', [], true)
 3 SYSTEMPATH\Common.php(1137): CodeIgniter\View\View->render('admin/home/welcome', [], true)
 4 APPPATH\Controllers\AdminHome.php(11): view('admin/home/welcome')
 5 SYSTEMPATH\CodeIgniter.php(904): App\Controllers\AdminHome->index()
 6 SYSTEMPATH\CodeIgniter.php(457): CodeIgniter\CodeIgniter->runController(Object(App\Controllers\AdminHome))
 7 SYSTEMPATH\CodeIgniter.php(340): CodeIgniter\CodeIgniter->handleRequest(null, Object(Config\Cache), false)
 8 FCPATH\index.php(67): CodeIgniter\CodeIgniter->run()
 9 SYSTEMPATH\Commands\Server\rewrite.php(43): require_once('FCPATH\\index.php')
CRITICAL - 2022-10-10 01:16:00 --> Invalid file: layout.php
in SYSTEMPATH\Exceptions\FrameworkException.php on line 33.
 1 SYSTEMPATH\View\View.php(201): CodeIgniter\Exceptions\FrameworkException::forInvalidFile('layout.php')
 2 SYSTEMPATH\View\View.php(229): CodeIgniter\View\View->render('layout', [], true)
 3 SYSTEMPATH\Common.php(1137): CodeIgniter\View\View->render('admin/home/welcome', [], true)
 4 APPPATH\Controllers\AdminHome.php(11): view('admin/home/welcome')
 5 SYSTEMPATH\CodeIgniter.php(904): App\Controllers\AdminHome->index()
 6 SYSTEMPATH\CodeIgniter.php(457): CodeIgniter\CodeIgniter->runController(Object(App\Controllers\AdminHome))
 7 SYSTEMPATH\CodeIgniter.php(340): CodeIgniter\CodeIgniter->handleRequest(null, Object(Config\Cache), false)
 8 FCPATH\index.php(67): CodeIgniter\CodeIgniter->run()
 9 SYSTEMPATH\Commands\Server\rewrite.php(43): require_once('FCPATH\\index.php')
CRITICAL - 2022-10-10 01:16:01 --> Invalid file: layout.php
in SYSTEMPATH\Exceptions\FrameworkException.php on line 33.
 1 SYSTEMPATH\View\View.php(201): CodeIgniter\Exceptions\FrameworkException::forInvalidFile('layout.php')
 2 SYSTEMPATH\View\View.php(229): CodeIgniter\View\View->render('layout', [], true)
 3 SYSTEMPATH\Common.php(1137): CodeIgniter\View\View->render('admin/home/welcome', [], true)
 4 APPPATH\Controllers\AdminHome.php(11): view('admin/home/welcome')
 5 SYSTEMPATH\CodeIgniter.php(904): App\Controllers\AdminHome->index()
 6 SYSTEMPATH\CodeIgniter.php(457): CodeIgniter\CodeIgniter->runController(Object(App\Controllers\AdminHome))
 7 SYSTEMPATH\CodeIgniter.php(340): CodeIgniter\CodeIgniter->handleRequest(null, Object(Config\Cache), false)
 8 FCPATH\index.php(67): CodeIgniter\CodeIgniter->run()
 9 SYSTEMPATH\Commands\Server\rewrite.php(43): require_once('FCPATH\\index.php')
CRITICAL - 2022-10-10 01:16:06 --> Invalid file: view/admin/home/layout.php
in SYSTEMPATH\Exceptions\FrameworkException.php on line 33.
 1 SYSTEMPATH\View\View.php(201): CodeIgniter\Exceptions\FrameworkException::forInvalidFile('view/admin/home/layout.php')
 2 SYSTEMPATH\View\View.php(229): CodeIgniter\View\View->render('view/admin/home/layout', [], true)
 3 SYSTEMPATH\Common.php(1137): CodeIgniter\View\View->render('admin/home/welcome', [], true)
 4 APPPATH\Controllers\AdminHome.php(11): view('admin/home/welcome')
 5 SYSTEMPATH\CodeIgniter.php(904): App\Controllers\AdminHome->index()
 6 SYSTEMPATH\CodeIgniter.php(457): CodeIgniter\CodeIgniter->runController(Object(App\Controllers\AdminHome))
 7 SYSTEMPATH\CodeIgniter.php(340): CodeIgniter\CodeIgniter->handleRequest(null, Object(Config\Cache), false)
 8 FCPATH\index.php(67): CodeIgniter\CodeIgniter->run()
 9 SYSTEMPATH\Commands\Server\rewrite.php(43): require_once('FCPATH\\index.php')
